> n_trainable_params: 362703, n_nontrainable_params: 1375500
> training arguments:
>>> model_name: memnet
>>> dataset: restaurant
>>> optimizer: <class 'torch.optim.adam.Adam'>
>>> initializer: <function xavier_uniform_ at 0x16e2549d0>
>>> lr: 2e-05
>>> dropout: 0.1
>>> l2reg: 0.01
>>> num_epoch: 20
>>> batch_size: 16
>>> log_step: 10
>>> embed_dim: 300
>>> hidden_dim: 300
>>> bert_dim: 768
>>> pretrained_bert_name: bert-base-uncased
>>> max_seq_len: 85
>>> polarities_dim: 3
>>> hops: 3
>>> patience: 5
>>> device: cpu
>>> seed: 1234
>>> valset_ratio: 0
>>> local_context_focus: cdm
>>> SRD: 3
>>> model_class: <class 'models.memnet.MemNet'>
>>> dataset_file: {'train': './datasets/semeval14/Restaurants_Train.xml.seg', 'test': './datasets/semeval14/Restaurants_Test_Gold.xml.seg'}
>>> inputs_cols: ['context_indices', 'aspect_indices']
>>>>>>>>>>>>>>>>>>>>>>>>>>>>>>>>>>>>>>>>>>>>>>>>>>>>>>>>>>>>>>>>>>>>>>>>>>>>>>>>>>>>>>>>>>>>>>>>>>>>
epoch: 0
loss: 1.5408, acc: 0.2500
loss: 1.4061, acc: 0.2875
loss: 1.2870, acc: 0.3521
loss: 1.2352, acc: 0.3953
loss: 1.1941, acc: 0.4313
loss: 1.1709, acc: 0.4469
loss: 1.1392, acc: 0.4652
loss: 1.1283, acc: 0.4758
loss: 1.1184, acc: 0.4806
loss: 1.0998, acc: 0.4913
loss: 1.0853, acc: 0.5057
loss: 1.0800, acc: 0.5109
loss: 1.0749, acc: 0.5159
loss: 1.0687, acc: 0.5192
loss: 1.0587, acc: 0.5229
loss: 1.0528, acc: 0.5238
loss: 1.0495, acc: 0.5265
loss: 1.0481, acc: 0.5264
loss: 1.0421, acc: 0.5306
loss: 1.0400, acc: 0.5312
loss: 1.0371, acc: 0.5336
loss: 1.0321, acc: 0.5352
> val_acc: 0.6384, val_f1: 0.3236
>> saved: state_dict/memnet_restaurant_val_acc_0.6384
>>>>>>>>>>>>>>>>>>>>>>>>>>>>>>>>>>>>>>>>>>>>>>>>>>>>>>>>>>>>>>>>>>>>>>>>>>>>>>>>>>>>>>>>>>>>>>>>>>>>
epoch: 1
loss: 0.7689, acc: 0.7188
loss: 0.8557, acc: 0.6473
loss: 0.8808, acc: 0.6276
loss: 0.8783, acc: 0.6342
loss: 0.8961, acc: 0.6122
loss: 0.8895, acc: 0.6227
loss: 0.8973, acc: 0.6191
loss: 0.8934, acc: 0.6115
loss: 0.8974, acc: 0.6086
loss: 0.8917, acc: 0.6110
loss: 0.8902, acc: 0.6142
loss: 0.8952, acc: 0.6129
loss: 0.8949, acc: 0.6149
loss: 0.8931, acc: 0.6180
loss: 0.8944, acc: 0.6155
loss: 0.8978, acc: 0.6116
loss: 0.8975, acc: 0.6113
loss: 0.8940, acc: 0.6131
loss: 0.8959, acc: 0.6118
loss: 0.9016, acc: 0.6082
loss: 0.9006, acc: 0.6085
loss: 0.8996, acc: 0.6081
loss: 0.8986, acc: 0.6091
> val_acc: 0.6768, val_f1: 0.4153
>> saved: state_dict/memnet_restaurant_val_acc_0.6768
>>>>>>>>>>>>>>>>>>>>>>>>>>>>>>>>>>>>>>>>>>>>>>>>>>>>>>>>>>>>>>>>>>>>>>>>>>>>>>>>>>>>>>>>>>>>>>>>>>>>
epoch: 2
loss: 0.8234, acc: 0.6797
loss: 0.8210, acc: 0.6597
loss: 0.8139, acc: 0.6696
loss: 0.8272, acc: 0.6447
loss: 0.8340, acc: 0.6393
loss: 0.8381, acc: 0.6390
loss: 0.8365, acc: 0.6360
loss: 0.8341, acc: 0.6410
loss: 0.8383, acc: 0.6357
loss: 0.8441, acc: 0.6333
loss: 0.8360, acc: 0.6366
loss: 0.8390, acc: 0.6345
loss: 0.8380, acc: 0.6367
loss: 0.8376, acc: 0.6368
loss: 0.8378, acc: 0.6351
loss: 0.8405, acc: 0.6345
loss: 0.8401, acc: 0.6354
loss: 0.8433, acc: 0.6331
loss: 0.8415, acc: 0.6350
loss: 0.8433, acc: 0.6351
loss: 0.8427, acc: 0.6346
loss: 0.8428, acc: 0.6333
> val_acc: 0.7027, val_f1: 0.5016
>> saved: state_dict/memnet_restaurant_val_acc_0.7027
>>>>>>>>>>>>>>>>>>>>>>>>>>>>>>>>>>>>>>>>>>>>>>>>>>>>>>>>>>>>>>>>>>>>>>>>>>>>>>>>>>>>>>>>>>>>>>>>>>>>
epoch: 3
loss: 0.8914, acc: 0.5312
loss: 0.8128, acc: 0.6510
loss: 0.8243, acc: 0.6534
loss: 0.8091, acc: 0.6680
loss: 0.8158, acc: 0.6622
loss: 0.8131, acc: 0.6611
loss: 0.8240, acc: 0.6502
loss: 0.8233, acc: 0.6502
loss: 0.8190, acc: 0.6540
loss: 0.8230, acc: 0.6529
loss: 0.8250, acc: 0.6464
loss: 0.8135, acc: 0.6546
loss: 0.8111, acc: 0.6568
loss: 0.8114, acc: 0.6567
loss: 0.8137, acc: 0.6518
loss: 0.8119, acc: 0.6534
loss: 0.8149, acc: 0.6512
loss: 0.8113, acc: 0.6504
loss: 0.8111, acc: 0.6497
loss: 0.8059, acc: 0.6540
loss: 0.8025, acc: 0.6562
loss: 0.8017, acc: 0.6551
loss: 0.8027, acc: 0.6543
> val_acc: 0.7134, val_f1: 0.5284
>> saved: state_dict/memnet_restaurant_val_acc_0.7134
>>>>>>>>>>>>>>>>>>>>>>>>>>>>>>>>>>>>>>>>>>>>>>>>>>>>>>>>>>>>>>>>>>>>>>>>>>>>>>>>>>>>>>>>>>>>>>>>>>>>
epoch: 4
loss: 0.6752, acc: 0.7812
loss: 0.7528, acc: 0.6797
loss: 0.7771, acc: 0.6611
loss: 0.7825, acc: 0.6493
loss: 0.7823, acc: 0.6562
loss: 0.7855, acc: 0.6529
loss: 0.7847, acc: 0.6572
loss: 0.7822, acc: 0.6587
loss: 0.7769, acc: 0.6599
loss: 0.7679, acc: 0.6641
loss: 0.7635, acc: 0.6698
loss: 0.7673, acc: 0.6665
loss: 0.7618, acc: 0.6696
loss: 0.7700, acc: 0.6650
loss: 0.7738, acc: 0.6635
loss: 0.7692, acc: 0.6679
loss: 0.7646, acc: 0.6687
loss: 0.7655, acc: 0.6673
loss: 0.7673, acc: 0.6663
loss: 0.7650, acc: 0.6687
loss: 0.7645, acc: 0.6666
loss: 0.7585, acc: 0.6719
loss: 0.7613, acc: 0.6696
> val_acc: 0.7250, val_f1: 0.5409
>> saved: state_dict/memnet_restaurant_val_acc_0.725
>>>>>>>>>>>>>>>>>>>>>>>>>>>>>>>>>>>>>>>>>>>>>>>>>>>>>>>>>>>>>>>>>>>>>>>>>>>>>>>>>>>>>>>>>>>>>>>>>>>>
epoch: 5
loss: 0.7632, acc: 0.6687
loss: 0.7673, acc: 0.6562
loss: 0.7768, acc: 0.6417
loss: 0.7486, acc: 0.6687
loss: 0.7453, acc: 0.6713
loss: 0.7460, acc: 0.6646
loss: 0.7455, acc: 0.6696
loss: 0.7491, acc: 0.6687
loss: 0.7428, acc: 0.6764
loss: 0.7461, acc: 0.6744
loss: 0.7452, acc: 0.6790
loss: 0.7437, acc: 0.6786
loss: 0.7412, acc: 0.6788
loss: 0.7396, acc: 0.6813
loss: 0.7400, acc: 0.6808
loss: 0.7398, acc: 0.6816
loss: 0.7350, acc: 0.6838
loss: 0.7343, acc: 0.6868
loss: 0.7318, acc: 0.6888
loss: 0.7297, acc: 0.6875
loss: 0.7280, acc: 0.6869
loss: 0.7283, acc: 0.6838
> val_acc: 0.7312, val_f1: 0.5468
>> saved: state_dict/memnet_restaurant_val_acc_0.7312
>>>>>>>>>>>>>>>>>>>>>>>>>>>>>>>>>>>>>>>>>>>>>>>>>>>>>>>>>>>>>>>>>>>>>>>>>>>>>>>>>>>>>>>>>>>>>>>>>>>>
epoch: 6
loss: 0.6593, acc: 0.7188
loss: 0.7430, acc: 0.6875
loss: 0.6969, acc: 0.6927
loss: 0.7016, acc: 0.6912
loss: 0.6966, acc: 0.6918
loss: 0.7047, acc: 0.6910
loss: 0.6995, acc: 0.6953
loss: 0.7053, acc: 0.6934
loss: 0.7031, acc: 0.6920
loss: 0.6969, acc: 0.6941
loss: 0.7010, acc: 0.6947
loss: 0.6965, acc: 0.6979
loss: 0.6995, acc: 0.6971
loss: 0.6981, acc: 0.6968
loss: 0.7007, acc: 0.6979
loss: 0.7022, acc: 0.6981
loss: 0.7048, acc: 0.6963
loss: 0.7014, acc: 0.7001
loss: 0.6999, acc: 0.7024
loss: 0.7032, acc: 0.7007
loss: 0.7018, acc: 0.7019
loss: 0.7031, acc: 0.7030
loss: 0.7017, acc: 0.7054
> val_acc: 0.7473, val_f1: 0.5865
>> saved: state_dict/memnet_restaurant_val_acc_0.7473
>>>>>>>>>>>>>>>>>>>>>>>>>>>>>>>>>>>>>>>>>>>>>>>>>>>>>>>>>>>>>>>>>>>>>>>>>>>>>>>>>>>>>>>>>>>>>>>>>>>>
epoch: 7
loss: 0.6639, acc: 0.7656
loss: 0.6452, acc: 0.7535
loss: 0.6385, acc: 0.7455
loss: 0.6480, acc: 0.7352
loss: 0.6609, acc: 0.7292
loss: 0.6757, acc: 0.7144
loss: 0.6688, acc: 0.7261
loss: 0.6740, acc: 0.7236
loss: 0.6739, acc: 0.7244
loss: 0.6825, acc: 0.7168
loss: 0.6821, acc: 0.7164
loss: 0.6764, acc: 0.7182
loss: 0.6826, acc: 0.7148
loss: 0.6802, acc: 0.7165
loss: 0.6752, acc: 0.7196
loss: 0.6741, acc: 0.7195
loss: 0.6728, acc: 0.7195
loss: 0.6775, acc: 0.7152
loss: 0.6758, acc: 0.7171
loss: 0.6721, acc: 0.7188
loss: 0.6741, acc: 0.7175
loss: 0.6767, acc: 0.7173
> val_acc: 0.7562, val_f1: 0.6082
>> saved: state_dict/memnet_restaurant_val_acc_0.7562
>>>>>>>>>>>>>>>>>>>>>>>>>>>>>>>>>>>>>>>>>>>>>>>>>>>>>>>>>>>>>>>>>>>>>>>>>>>>>>>>>>>>>>>>>>>>>>>>>>>>
epoch: 8
loss: 0.7537, acc: 0.6562
loss: 0.6203, acc: 0.7500
loss: 0.6497, acc: 0.7443
loss: 0.6503, acc: 0.7500
loss: 0.6658, acc: 0.7366
loss: 0.6700, acc: 0.7296
loss: 0.6634, acc: 0.7258
loss: 0.6605, acc: 0.7266
loss: 0.6623, acc: 0.7256
loss: 0.6621, acc: 0.7228
loss: 0.6588, acc: 0.7237
loss: 0.6657, acc: 0.7176
loss: 0.6661, acc: 0.7182
loss: 0.6716, acc: 0.7154
loss: 0.6753, acc: 0.7121
loss: 0.6691, acc: 0.7167
loss: 0.6692, acc: 0.7157
loss: 0.6683, acc: 0.7158
loss: 0.6658, acc: 0.7194
loss: 0.6680, acc: 0.7178
loss: 0.6697, acc: 0.7157
loss: 0.6711, acc: 0.7155
loss: 0.6649, acc: 0.7179
> val_acc: 0.7473, val_f1: 0.5683
>>>>>>>>>>>>>>>>>>>>>>>>>>>>>>>>>>>>>>>>>>>>>>>>>>>>>>>>>>>>>>>>>>>>>>>>>>>>>>>>>>>>>>>>>>>>>>>>>>>>
epoch: 9
loss: 0.6051, acc: 0.7812
loss: 0.5944, acc: 0.7656
loss: 0.6315, acc: 0.7284
loss: 0.6630, acc: 0.7205
loss: 0.6858, acc: 0.7079
loss: 0.6736, acc: 0.7210
loss: 0.6675, acc: 0.7292
loss: 0.6667, acc: 0.7245
loss: 0.6580, acc: 0.7326
loss: 0.6649, acc: 0.7318
loss: 0.6661, acc: 0.7294
loss: 0.6583, acc: 0.7338
loss: 0.6637, acc: 0.7277
loss: 0.6624, acc: 0.7293
loss: 0.6621, acc: 0.7299
loss: 0.6600, acc: 0.7312
loss: 0.6543, acc: 0.7349
loss: 0.6537, acc: 0.7358
loss: 0.6533, acc: 0.7359
loss: 0.6526, acc: 0.7353
loss: 0.6525, acc: 0.7336
loss: 0.6552, acc: 0.7309
loss: 0.6553, acc: 0.7312
> val_acc: 0.7607, val_f1: 0.6107
>> saved: state_dict/memnet_restaurant_val_acc_0.7607
>>>>>>>>>>>>>>>>>>>>>>>>>>>>>>>>>>>>>>>>>>>>>>>>>>>>>>>>>>>>>>>>>>>>>>>>>>>>>>>>>>>>>>>>>>>>>>>>>>>>
epoch: 10
loss: 0.6743, acc: 0.7312
loss: 0.6214, acc: 0.7625
loss: 0.6112, acc: 0.7646
loss: 0.6322, acc: 0.7531
loss: 0.6371, acc: 0.7488
loss: 0.6371, acc: 0.7448
loss: 0.6351, acc: 0.7411
loss: 0.6316, acc: 0.7438
loss: 0.6406, acc: 0.7382
loss: 0.6444, acc: 0.7356
loss: 0.6395, acc: 0.7392
loss: 0.6408, acc: 0.7333
loss: 0.6411, acc: 0.7317
loss: 0.6416, acc: 0.7348
loss: 0.6421, acc: 0.7354
loss: 0.6437, acc: 0.7352
loss: 0.6426, acc: 0.7357
loss: 0.6449, acc: 0.7354
loss: 0.6466, acc: 0.7306
loss: 0.6490, acc: 0.7300
loss: 0.6479, acc: 0.7307
loss: 0.6435, acc: 0.7338
> val_acc: 0.7607, val_f1: 0.6020
>>>>>>>>>>>>>>>>>>>>>>>>>>>>>>>>>>>>>>>>>>>>>>>>>>>>>>>>>>>>>>>>>>>>>>>>>>>>>>>>>>>>>>>>>>>>>>>>>>>>
epoch: 11
loss: 0.7925, acc: 0.6406
loss: 0.6940, acc: 0.7143
loss: 0.6814, acc: 0.7214
loss: 0.6763, acc: 0.7188
loss: 0.6685, acc: 0.7116
loss: 0.6532, acc: 0.7211
loss: 0.6453, acc: 0.7324
loss: 0.6481, acc: 0.7356
loss: 0.6499, acc: 0.7351
loss: 0.6413, acc: 0.7400
loss: 0.6265, acc: 0.7458
loss: 0.6270, acc: 0.7456
loss: 0.6240, acc: 0.7490
loss: 0.6252, acc: 0.7481
loss: 0.6271, acc: 0.7483
loss: 0.6294, acc: 0.7468
loss: 0.6304, acc: 0.7485
loss: 0.6357, acc: 0.7464
loss: 0.6318, acc: 0.7469
loss: 0.6312, acc: 0.7468
loss: 0.6302, acc: 0.7454
loss: 0.6319, acc: 0.7433
loss: 0.6300, acc: 0.7450
> val_acc: 0.7607, val_f1: 0.6283
>>>>>>>>>>>>>>>>>>>>>>>>>>>>>>>>>>>>>>>>>>>>>>>>>>>>>>>>>>>>>>>>>>>>>>>>>>>>>>>>>>>>>>>>>>>>>>>>>>>>
epoch: 12
loss: 0.5807, acc: 0.7734
loss: 0.5788, acc: 0.7951
loss: 0.6196, acc: 0.7746
loss: 0.6168, acc: 0.7615
loss: 0.6238, acc: 0.7604
loss: 0.6369, acc: 0.7554
loss: 0.6324, acc: 0.7537
loss: 0.6273, acc: 0.7564
loss: 0.6234, acc: 0.7564
loss: 0.6237, acc: 0.7526
loss: 0.6275, acc: 0.7477
loss: 0.6273, acc: 0.7474
loss: 0.6198, acc: 0.7505
loss: 0.6212, acc: 0.7473
loss: 0.6208, acc: 0.7454
loss: 0.6209, acc: 0.7460
loss: 0.6237, acc: 0.7448
loss: 0.6277, acc: 0.7426
loss: 0.6313, acc: 0.7414
loss: 0.6278, acc: 0.7421
loss: 0.6275, acc: 0.7419
loss: 0.6242, acc: 0.7437
> val_acc: 0.7607, val_f1: 0.5987
>>>>>>>>>>>>>>>>>>>>>>>>>>>>>>>>>>>>>>>>>>>>>>>>>>>>>>>>>>>>>>>>>>>>>>>>>>>>>>>>>>>>>>>>>>>>>>>>>>>>
epoch: 13
loss: 0.4527, acc: 0.8125
loss: 0.6438, acc: 0.7188
loss: 0.5974, acc: 0.7472
loss: 0.6178, acc: 0.7461
loss: 0.6231, acc: 0.7560
loss: 0.6190, acc: 0.7656
loss: 0.6277, acc: 0.7661
loss: 0.6372, acc: 0.7569
loss: 0.6325, acc: 0.7538
loss: 0.6365, acc: 0.7493
loss: 0.6409, acc: 0.7475
loss: 0.6347, acc: 0.7494
loss: 0.6291, acc: 0.7526
loss: 0.6308, acc: 0.7514
loss: 0.6323, acc: 0.7500
loss: 0.6312, acc: 0.7496
loss: 0.6274, acc: 0.7477
loss: 0.6267, acc: 0.7460
loss: 0.6233, acc: 0.7462
loss: 0.6254, acc: 0.7432
loss: 0.6244, acc: 0.7426
loss: 0.6211, acc: 0.7444
loss: 0.6209, acc: 0.7432
> val_acc: 0.7616, val_f1: 0.6127
>> saved: state_dict/memnet_restaurant_val_acc_0.7616
>>>>>>>>>>>>>>>>>>>>>>>>>>>>>>>>>>>>>>>>>>>>>>>>>>>>>>>>>>>>>>>>>>>>>>>>>>>>>>>>>>>>>>>>>>>>>>>>>>>>
epoch: 14
loss: 0.5719, acc: 0.7604
loss: 0.6153, acc: 0.7383
loss: 0.6078, acc: 0.7548
loss: 0.5937, acc: 0.7674
loss: 0.5781, acc: 0.7704
loss: 0.5871, acc: 0.7690
loss: 0.6092, acc: 0.7595
loss: 0.5993, acc: 0.7706
loss: 0.6031, acc: 0.7667
loss: 0.6057, acc: 0.7676
loss: 0.5980, acc: 0.7689
loss: 0.5995, acc: 0.7662
loss: 0.6002, acc: 0.7674
loss: 0.5988, acc: 0.7688
loss: 0.6069, acc: 0.7624
loss: 0.6059, acc: 0.7632
loss: 0.6033, acc: 0.7651
loss: 0.6022, acc: 0.7635
loss: 0.6025, acc: 0.7638
loss: 0.6068, acc: 0.7612
loss: 0.6109, acc: 0.7591
loss: 0.6148, acc: 0.7569
loss: 0.6197, acc: 0.7536
> val_acc: 0.7616, val_f1: 0.6068
>>>>>>>>>>>>>>>>>>>>>>>>>>>>>>>>>>>>>>>>>>>>>>>>>>>>>>>>>>>>>>>>>>>>>>>>>>>>>>>>>>>>>>>>>>>>>>>>>>>>
epoch: 15
loss: 0.6227, acc: 0.7500
loss: 0.5829, acc: 0.7656
loss: 0.5803, acc: 0.7688
loss: 0.5925, acc: 0.7656
loss: 0.6063, acc: 0.7562
loss: 0.6073, acc: 0.7562
loss: 0.6103, acc: 0.7518
loss: 0.6112, acc: 0.7578
loss: 0.6031, acc: 0.7653
loss: 0.6067, acc: 0.7625
loss: 0.6084, acc: 0.7608
loss: 0.6115, acc: 0.7594
loss: 0.6131, acc: 0.7562
loss: 0.6040, acc: 0.7598
loss: 0.6088, acc: 0.7596
loss: 0.6117, acc: 0.7570
loss: 0.6095, acc: 0.7559
loss: 0.6069, acc: 0.7562
loss: 0.6047, acc: 0.7582
loss: 0.6039, acc: 0.7597
loss: 0.6059, acc: 0.7589
loss: 0.6069, acc: 0.7565
> val_acc: 0.7616, val_f1: 0.6236
>>>>>>>>>>>>>>>>>>>>>>>>>>>>>>>>>>>>>>>>>>>>>>>>>>>>>>>>>>>>>>>>>>>>>>>>>>>>>>>>>>>>>>>>>>>>>>>>>>>>
epoch: 16
loss: 0.5010, acc: 0.8281
loss: 0.5443, acc: 0.7812
loss: 0.5661, acc: 0.7786
loss: 0.5827, acc: 0.7794
loss: 0.5963, acc: 0.7670
loss: 0.6057, acc: 0.7569
loss: 0.6010, acc: 0.7646
loss: 0.6047, acc: 0.7644
loss: 0.6166, acc: 0.7567
loss: 0.6121, acc: 0.7533
loss: 0.6102, acc: 0.7518
loss: 0.6085, acc: 0.7522
loss: 0.6006, acc: 0.7550
loss: 0.6031, acc: 0.7514
loss: 0.5978, acc: 0.7552
loss: 0.6017, acc: 0.7537
loss: 0.6030, acc: 0.7511
loss: 0.6054, acc: 0.7511
loss: 0.6035, acc: 0.7514
loss: 0.6097, acc: 0.7481
loss: 0.6083, acc: 0.7485
loss: 0.6096, acc: 0.7482
loss: 0.6089, acc: 0.7478
> val_acc: 0.7643, val_f1: 0.6137
>> saved: state_dict/memnet_restaurant_val_acc_0.7643
>>>>>>>>>>>>>>>>>>>>>>>>>>>>>>>>>>>>>>>>>>>>>>>>>>>>>>>>>>>>>>>>>>>>>>>>>>>>>>>>>>>>>>>>>>>>>>>>>>>>
epoch: 17
loss: 0.5511, acc: 0.8203
loss: 0.6832, acc: 0.7431
loss: 0.6459, acc: 0.7567
loss: 0.6092, acc: 0.7664
loss: 0.6018, acc: 0.7643
loss: 0.5945, acc: 0.7672
loss: 0.5917, acc: 0.7656
loss: 0.6003, acc: 0.7620
loss: 0.6029, acc: 0.7621
loss: 0.6001, acc: 0.7602
loss: 0.5957, acc: 0.7593
loss: 0.5992, acc: 0.7569
loss: 0.6031, acc: 0.7529
loss: 0.6028, acc: 0.7523
loss: 0.5988, acc: 0.7538
loss: 0.5986, acc: 0.7536
loss: 0.6016, acc: 0.7541
loss: 0.6011, acc: 0.7546
loss: 0.5958, acc: 0.7576
loss: 0.5975, acc: 0.7573
loss: 0.6003, acc: 0.7572
loss: 0.6024, acc: 0.7554
> val_acc: 0.7679, val_f1: 0.6391
>> saved: state_dict/memnet_restaurant_val_acc_0.7679
>>>>>>>>>>>>>>>>>>>>>>>>>>>>>>>>>>>>>>>>>>>>>>>>>>>>>>>>>>>>>>>>>>>>>>>>>>>>>>>>>>>>>>>>>>>>>>>>>>>>
epoch: 18
loss: 0.5608, acc: 0.7188
loss: 0.5913, acc: 0.7292
loss: 0.6276, acc: 0.7301
loss: 0.6138, acc: 0.7422
loss: 0.6132, acc: 0.7470
loss: 0.6041, acc: 0.7548
loss: 0.5973, acc: 0.7571
loss: 0.5856, acc: 0.7604
loss: 0.5819, acc: 0.7599
loss: 0.5802, acc: 0.7656
loss: 0.5870, acc: 0.7623
loss: 0.5788, acc: 0.7667
loss: 0.5871, acc: 0.7633
loss: 0.5907, acc: 0.7623
loss: 0.5929, acc: 0.7632
loss: 0.5911, acc: 0.7652
loss: 0.5929, acc: 0.7643
loss: 0.5972, acc: 0.7624
loss: 0.5992, acc: 0.7610
loss: 0.5971, acc: 0.7624
loss: 0.5983, acc: 0.7602
loss: 0.6003, acc: 0.7603
loss: 0.6008, acc: 0.7596
> val_acc: 0.7634, val_f1: 0.6038
>>>>>>>>>>>>>>>>>>>>>>>>>>>>>>>>>>>>>>>>>>>>>>>>>>>>>>>>>>>>>>>>>>>>>>>>>>>>>>>>>>>>>>>>>>>>>>>>>>>>
epoch: 19
loss: 0.5997, acc: 0.7604
loss: 0.6227, acc: 0.7227
loss: 0.6119, acc: 0.7356
loss: 0.5914, acc: 0.7396
loss: 0.6083, acc: 0.7351
loss: 0.5980, acc: 0.7444
loss: 0.5972, acc: 0.7519
loss: 0.5872, acc: 0.7574
loss: 0.5851, acc: 0.7558
loss: 0.5807, acc: 0.7585
loss: 0.5772, acc: 0.7600
loss: 0.5809, acc: 0.7602
loss: 0.5812, acc: 0.7609
loss: 0.5810, acc: 0.7592
loss: 0.5848, acc: 0.7556
loss: 0.5937, acc: 0.7536
loss: 0.5922, acc: 0.7549
loss: 0.5918, acc: 0.7575
loss: 0.5934, acc: 0.7584
loss: 0.5949, acc: 0.7599
loss: 0.5971, acc: 0.7579
loss: 0.5940, acc: 0.7610
loss: 0.5994, acc: 0.7580
> val_acc: 0.7643, val_f1: 0.6087
>> test_acc: 0.7679, test_f1: 0.6391
